<?xml version="1.0" encoding="UTF-8"?>
<testsuite xmlns:xsi="http://www.w3.org/2001/XMLSchema-instance" xsi:noNamespaceSchemaLocation="https://maven.apache.org/surefire/maven-surefire-plugin/xsd/surefire-test-report-3.0.xsd" version="3.0" name="com.udacity.catpoint.security.service.SecurityServiceTest" time="6.038" tests="31" errors="0" skipped="0" failures="0">
  <properties>
[...]
</properties>
  <testcase name="if_sensorIs_notActivated_and_armStatus_is_disArmed_then_do_nothing" classname="com.udacity.catpoint.security.service.SecurityServiceTest" time="4.984"/>
  <testcase name="if_systemIsArmedHome_imageService_detectsCat_setAlarmStatus_toAlarm" classname="com.udacity.catpoint.security.service.SecurityServiceTest" time="0.274"/>
  <testcase name="coverage_for_test_getAlarmStatus" classname="com.udacity.catpoint.security.service.SecurityServiceTest" time="0.006"/>
  <testcase name="codeCoverage_for_method_if_systemIsArmed_then_input_sensorIsSetToInactive(ArmingStatus)[1]" classname="com.udacity.catpoint.security.service.SecurityServiceTest" time="0.221"/>
  <testcase name="codeCoverage_for_method_if_systemIsArmed_then_input_sensorIsSetToInactive(ArmingStatus)[2]" classname="com.udacity.catpoint.security.service.SecurityServiceTest" time="0.008"/>
  <testcase name="codeCoverage_for_test_to_add_and_remove_statusListener_method" classname="com.udacity.catpoint.security.service.SecurityServiceTest" time="0.016"/>
  <testcase name="if_sensorIsDeActivated_while_alreadyInactive_makeNoChanges_toAlarmState" classname="com.udacity.catpoint.security.service.SecurityServiceTest" time="0.008"/>
  <testcase name="if_alarmArmed_and_sensorActivated_and_systemInPendingAlarm_then_putAlarmStatus_to_alarm(ArmingStatus)[1]" classname="com.udacity.catpoint.security.service.SecurityServiceTest" time="0.012"/>
  <testcase name="if_alarmArmed_and_sensorActivated_and_systemInPendingAlarm_then_putAlarmStatus_to_alarm(ArmingStatus)[2]" classname="com.udacity.catpoint.security.service.SecurityServiceTest" time="0.011"/>
  <testcase name="if_alarmIsActive_changeSensorState_shouldNotAffectAlarmState(boolean)[1]" classname="com.udacity.catpoint.security.service.SecurityServiceTest" time="0.008"/>
  <testcase name="if_alarmIsActive_changeSensorState_shouldNotAffectAlarmState(boolean)[2]" classname="com.udacity.catpoint.security.service.SecurityServiceTest" time="0.013"/>
  <testcase name="if_systemIsDisarmed_setStatus_to_noAlarmStatus" classname="com.udacity.catpoint.security.service.SecurityServiceTest" time="0.005"/>
  <testcase name="if_pendingAlarmStatus_and_all_sensors_are_inactive_then_setAlarmStatus_to_NoAlarm" classname="com.udacity.catpoint.security.service.SecurityServiceTest" time="0.009"/>
  <testcase name="if_image_serviceIdentifies_anImage_containingCat_whileSystemIs_ArmedHome_putSystem_toAlarmStatus" classname="com.udacity.catpoint.security.service.SecurityServiceTest" time="0.005"/>
  <testcase name="codeCoverage_forMethod_if_armingStatus_is_ArmedHome_call_setArmingStatus" classname="com.udacity.catpoint.security.service.SecurityServiceTest" time="0.003"/>
  <testcase name="codeCoverage_for_method_if_alarmStatusInPendingAlarm_and_sensorActive_and_systemIsInactive_then_handleSensorDeactivated(AlarmStatus)[1]" classname="com.udacity.catpoint.security.service.SecurityServiceTest" time="0.01"/>
  <testcase name="if_sensorActivated_and_systemActive_and_alarm_isInPendingState_thenChange_alarmStatus_to_alarmState" classname="com.udacity.catpoint.security.service.SecurityServiceTest" time="0.008"/>
  <testcase name="if_systemIsArmed_reset_AllSensors_toInactive(ArmingStatus)[1]" classname="com.udacity.catpoint.security.service.SecurityServiceTest" time="0.012"/>
  <testcase name="if_systemIsArmed_reset_AllSensors_toInactive(ArmingStatus)[2]" classname="com.udacity.catpoint.security.service.SecurityServiceTest" time="0.008"/>
  <testcase name="when_system_armed_set_sensor_to_deactivated(ArmingStatus)[1]" classname="com.udacity.catpoint.security.service.SecurityServiceTest" time="0.007"/>
  <testcase name="when_system_armed_set_sensor_to_deactivated(ArmingStatus)[2]" classname="com.udacity.catpoint.security.service.SecurityServiceTest" time="0.008"/>
  <testcase name="codeCoverage_for_test_remove_Sensor_method" classname="com.udacity.catpoint.security.service.SecurityServiceTest" time="0.005"/>
  <testcase name="codeCoverage_for_method_if_alarmStatusIsNoAlarm_and_sensorIsInactive_and_systemIsInactive_then_ArmingStatusDisArmed_then_handleSensor(AlarmStatus)[1]" classname="com.udacity.catpoint.security.service.SecurityServiceTest" time="0.006"/>
  <testcase name="codeCoverage_for_method_if_alarmStatusIsNoAlarm_and_sensorIsInactive_and_systemIsInactive_then_ArmingStatusDisArmed_then_handleSensor(AlarmStatus)[2]" classname="com.udacity.catpoint.security.service.SecurityServiceTest" time="0.006"/>
  <testcase name="if_sensorIsActivated_and_alarmStatus_is_alarm_then_set_alarmStatus_to_pendingStatus" classname="com.udacity.catpoint.security.service.SecurityServiceTest" time="0.007"/>
  <testcase name="if_alarmArmed_and_sensorActivated_then_putSystem_into_pendingAlarmStatus(ArmingStatus)[1]" classname="com.udacity.catpoint.security.service.SecurityServiceTest" time="0.008"/>
  <testcase name="if_alarmArmed_and_sensorActivated_then_putSystem_into_pendingAlarmStatus(ArmingStatus)[2]" classname="com.udacity.catpoint.security.service.SecurityServiceTest" time="0.007"/>
  <testcase name="if_sensor_deactivated_and_alarmStatus_pending_then_set_alarmStatus_to_noAlarm" classname="com.udacity.catpoint.security.service.SecurityServiceTest" time="0.006"/>
  <testcase name="if_imageService_detects_notCat_sensorsNotActive_changeStatus_to_noAlarmStatus" classname="com.udacity.catpoint.security.service.SecurityServiceTest" time="0.004"/>
  <testcase name="codeCoverage_for_test_add_sensor_method" classname="com.udacity.catpoint.security.service.SecurityServiceTest" time="0.003"/>
  <testcase name="test_securityService_constructor" classname="com.udacity.catpoint.security.service.SecurityServiceTest" time="0.004"/>
</testsuite>